<?xml version="1.0" encoding="UTF-8"?>
<!-- Generated by org.testng.reporters.JUnitXMLReporter -->
<testsuite ignored="0" hostname="Vaibhav-PC" failures="0" tests="6" name="Surefire test" time="0.434" errors="0" timestamp="2020-12-09T17:39:47 IST">
  <testcase classname="qaclickacademy.mavenjava.apiTest" name="deleteTwitter" time="0.022"/>
  <testcase classname="qaclickacademy.mavenjava.apiTest" name="postJIRA" time="0.002"/>
  <testcase classname="qaclickacademy.mavenjava.appiumTest" name="NativeAppAndroid" time="0.002"/>
  <testcase classname="qaclickacademy.mavenjava.appiumTest" name="NativeAppiOS" time="0.003"/>
  <testcase classname="qaclickacademy.mavenjava.seleniumTest" name="BrowserAutomation" time="0.001"/>
  <testcase classname="qaclickacademy.mavenjava.seleniumTest" name="elementUI" time="0.001"/>
</testsuite> <!-- Surefire test -->
