<?xml version="1.0" encoding="UTF-8"?>
<!-- Generated by org.testng.reporters.JUnitXMLReporter -->
<testsuite ignored="0" hostname="Vaibhav-PC" failures="0" tests="4" name="Test" time="0.308" errors="0" timestamp="2020-12-14T16:20:24 IST">
  <testcase classname="qaclickacademy.mavenjava.appiumTest" name="NativeAppAndroid" time="0.042"/>
  <testcase classname="qaclickacademy.mavenjava.appiumTest" name="NativeAppiOS" time="0.009"/>
  <testcase classname="qaclickacademy.mavenjava.seleniumTest" name="BrowserAutomation" time="0.009"/>
  <testcase classname="qaclickacademy.mavenjava.seleniumTest" name="elementUI" time="0.017"/>
</testsuite> <!-- Test -->
