<?xml version="1.0" encoding="UTF-8"?>
<testsuite xmlns:xsi="http://www.w3.org/2001/XMLSchema-instance" xsi:noNamespaceSchemaLocation="https://maven.apache.org/surefire/maven-surefire-plugin/xsd/surefire-test-report-3.0.xsd" version="3.0" name="TestSuite" time="2.761" tests="4" errors="0" skipped="0" failures="0">
  <properties>
[...]
</properties>
  <testcase name="NativeAppAndroid" classname="qaclickacademy.mavenjava.appiumTest" time="0.033">
    <system-out><![CDATA[NativeAppAndroid
]]></system-out>
  </testcase>
  <testcase name="NativeAppiOS" classname="qaclickacademy.mavenjava.appiumTest" time="0.007">
    <system-out><![CDATA[NativeAppiOS
]]></system-out>
  </testcase>
  <testcase name="BrowserAutomation" classname="qaclickacademy.mavenjava.seleniumTest" time="0.009">
    <system-out><![CDATA[BrowserAutomation
]]></system-out>
  </testcase>
  <testcase name="elementUI" classname="qaclickacademy.mavenjava.seleniumTest" time="0.007">
    <system-out><![CDATA[elementUI
]]></system-out>
  </testcase>
</testsuite>